TN:
SF:dev-util.ts
FNF:1
FNH:1
DA:1,44
DA:3,27
DA:4,25
LF:3
LH:3
end_of_record
TN:
SF:src/core.ts
FNF:16
FNH:16
DA:8,56
DA:10,108
DA:19,64
DA:20,43
DA:22,115
DA:34,50
DA:35,59
DA:36,29
DA:37,27
DA:38,34
DA:40,33
DA:41,29
DA:42,20
DA:43,5
DA:46,21
DA:47,10
DA:48,11
DA:49,24
DA:50,5
DA:51,24
DA:52,35
DA:53,31
DA:54,4
DA:56,43
DA:59,52
DA:60,37
DA:61,64
DA:63,47
DA:64,46
DA:65,30
DA:66,4
DA:68,45
DA:70,16
DA:71,36
DA:72,39
DA:73,13
DA:74,57
DA:75,42
DA:76,21
DA:77,40
DA:78,8
DA:81,22
DA:83,48
DA:85,51
DA:86,11
DA:87,13
DA:88,23
DA:89,27
DA:90,28
DA:91,12
DA:92,7
DA:94,16
DA:97,21
DA:98,10
DA:99,11
DA:100,9
DA:101,5
DA:102,25
DA:103,27
DA:104,51
DA:105,27
DA:106,51
DA:107,28
DA:108,52
DA:109,25
DA:110,39
DA:111,26
DA:112,50
DA:113,32
DA:114,62
DA:116,26
DA:117,10
DA:118,66
DA:119,4
DA:120,1
DA:121,4
DA:125,21
DA:126,10
DA:127,11
DA:128,9
DA:129,5
DA:130,41
DA:131,61
DA:132,4
DA:134,34
DA:135,62
DA:136,4
DA:138,30
DA:141,21
DA:142,10
DA:143,11
DA:144,9
DA:145,5
DA:146,41
DA:147,61
DA:148,4
DA:150,34
DA:151,62
DA:152,4
DA:154,30
DA:157,22
DA:158,10
DA:159,11
DA:160,9
DA:161,5
DA:162,42
DA:163,62
DA:164,4
DA:165,34
DA:166,62
DA:167,4
DA:169,30
DA:172,44
DA:173,30
DA:174,59
DA:175,4
DA:177,30
DA:180,20
DA:181,10
DA:182,11
DA:183,9
DA:184,5
DA:185,31
DA:186,60
DA:187,4
DA:189,40
DA:191,48
DA:192,13
DA:193,64
DA:194,6
DA:195,4
DA:197,47
DA:198,39
DA:199,77
DA:200,8
DA:201,6
DA:203,28
DA:204,13
DA:205,14
DA:206,15
DA:207,8
DA:209,31
DA:210,4
DA:212,16
DA:215,21
DA:216,10
DA:217,11
DA:218,9
DA:219,5
DA:220,37
DA:221,61
DA:222,4
DA:224,40
DA:226,47
DA:227,49
DA:228,77
DA:229,75
DA:231,33
DA:232,66
DA:233,6
DA:235,31
DA:236,65
DA:237,6
DA:239,34
DA:240,51
DA:242,27
DA:243,15
DA:244,16
DA:245,16
DA:246,8
DA:248,30
DA:249,4
DA:251,16
DA:254,12
DA:255,24
DA:256,2
LF:176
LH:176
end_of_record
TN:
SF:src/hooks/and.ts
FNF:2
FNH:2
DA:4,57
DA:5,58
DA:7,34
DA:13,20
DA:14,50
DA:15,16
DA:16,14
DA:17,7
DA:18,13
DA:19,29
DA:20,7
DA:21,36
DA:22,26
DA:23,61
DA:24,1
DA:25,6
DA:27,33
DA:29,27
DA:30,6
DA:32,42
DA:34,39
DA:35,63
DA:36,37
DA:37,6
DA:39,28
DA:40,27
DA:41,6
DA:43,58
DA:45,38
DA:47,14
DA:49,2
DA:50,2
DA:52,24
LF:33
LH:33
end_of_record
TN:
SF:src/hooks/any.ts
FNF:2
FNH:2
DA:2,57
DA:4,34
DA:10,20
DA:11,50
DA:12,16
DA:13,26
DA:14,29
DA:16,2
DA:17,2
DA:19,24
LF:10
LH:10
end_of_record
TN:
SF:src/hooks/array.ts
FNF:2
FNH:2
DA:3,57
DA:4,67
DA:5,87
DA:13,38
DA:14,48
DA:15,54
DA:16,54
DA:17,44
DA:28,22
DA:29,52
DA:30,16
DA:31,72
DA:32,29
DA:33,56
DA:34,6
DA:36,42
DA:38,43
DA:39,8
DA:40,40
DA:42,16
DA:43,41
DA:44,47
DA:45,47
DA:46,39
DA:47,14
DA:48,23
DA:50,21
DA:51,21
DA:52,24
DA:53,24
DA:54,22
DA:56,58
DA:57,13
DA:58,10
DA:59,61
DA:60,4
DA:61,1
DA:62,8
DA:63,6
DA:65,30
DA:66,6
DA:67,30
DA:68,4
DA:69,6
DA:71,58
DA:72,13
DA:73,8
DA:74,46
DA:75,8
DA:76,14
DA:77,4
DA:78,1
DA:79,8
DA:80,6
DA:82,4
DA:83,24
DA:84,23
DA:85,25
DA:86,9
DA:87,13
DA:88,8
DA:89,49
DA:90,11
DA:91,14
DA:92,4
DA:93,1
DA:94,8
DA:95,6
DA:97,4
DA:98,24
DA:99,23
DA:100,25
DA:101,9
DA:102,13
DA:103,8
DA:104,49
DA:105,11
DA:106,14
DA:107,4
DA:108,1
DA:109,8
DA:110,6
DA:112,30
DA:113,58
DA:114,80
DA:115,38
DA:116,6
DA:117,6
DA:119,15
DA:121,2
DA:122,2
DA:124,26
LF:92
LH:92
end_of_record
TN:
SF:src/hooks/bool.ts
FNF:2
FNH:2
DA:3,57
DA:5,45
DA:6,47
DA:8,36
DA:14,21
DA:15,51
DA:16,16
DA:17,53
DA:18,31
DA:19,58
DA:20,6
DA:21,29
DA:23,2
DA:24,2
DA:26,25
LF:15
LH:15
end_of_record
TN:
SF:src/hooks/datetime.ts
FNF:11
FNH:11
DA:3,57
DA:4,47
DA:5,44
DA:7,26
DA:8,34
DA:9,39
DA:10,34
DA:11,30
DA:12,30
DA:13,33
DA:14,32
DA:17,47
DA:18,45
DA:21,73
DA:22,71
DA:23,73
DA:26,48
DA:27,46
DA:28,54
DA:30,24
DA:31,64
DA:34,31
DA:36,29
DA:37,64
DA:40,42
DA:42,24
DA:44,67
DA:47,31
DA:49,42
DA:50,52
DA:51,54
DA:53,36
DA:54,31
DA:55,38
DA:58,33
DA:59,26
DA:60,12
DA:61,2
DA:62,46
DA:63,31
DA:66,38
DA:67,26
DA:68,12
DA:69,2
DA:70,52
DA:72,13
DA:75,39
DA:76,26
DA:77,12
DA:78,2
DA:79,46
DA:80,31
DA:87,25
DA:88,19
DA:89,72
DA:90,5
DA:91,3
DA:92,16
DA:93,56
DA:94,32
DA:95,70
DA:96,33
DA:98,61
DA:99,37
DA:100,76
DA:101,33
DA:103,62
DA:104,38
DA:105,70
DA:106,29
DA:108,2
DA:109,2
DA:111,29
LF:73
LH:73
end_of_record
TN:
SF:src/hooks/email.ts
FNF:3
FNH:3
DA:3,57
DA:4,44
DA:5,47
DA:7,28
DA:8,35
DA:9,37
DA:10,54
DA:11,55
DA:12,57
DA:13,48
DA:15,38
DA:21,22
DA:22,52
DA:23,16
DA:24,54
DA:25,30
DA:26,57
DA:27,6
DA:28,41
DA:29,70
DA:30,6
DA:32,29
DA:34,2
DA:35,2
DA:37,26
LF:25
LH:25
end_of_record
TN:
SF:src/hooks/index.ts
FNF:1
FNH:1
DA:3,33
DA:4,33
DA:5,37
DA:6,35
DA:7,43
DA:8,37
DA:9,33
DA:10,39
DA:11,39
DA:12,31
DA:13,39
DA:14,35
DA:15,33
DA:17,30
DA:18,12
DA:19,12
DA:20,14
DA:21,13
DA:22,17
DA:23,14
DA:24,12
DA:25,15
DA:26,15
DA:27,11
DA:28,15
DA:29,13
DA:30,10
DA:31,2
DA:33,183
LF:29
LH:29
end_of_record
TN:
SF:src/hooks/int.ts
FNF:2
FNH:2
DA:4,57
DA:5,56
DA:6,65
DA:8,34
DA:17,20
DA:18,50
DA:19,16
DA:20,60
DA:21,58
DA:22,58
DA:23,6
DA:25,42
DA:27,57
DA:29,63
DA:30,13
DA:31,60
DA:32,8
DA:33,6
DA:35,63
DA:36,13
DA:37,60
DA:38,8
DA:39,6
DA:41,15
DA:43,2
DA:44,2
DA:46,24
LF:27
LH:27
end_of_record
TN:
SF:src/hooks/number.ts
FNF:2
FNH:2
DA:4,57
DA:5,56
DA:6,65
DA:8,40
DA:19,23
DA:20,53
DA:21,16
DA:22,63
DA:23,30
DA:24,57
DA:25,6
DA:26,42
DA:27,67
DA:28,45
DA:29,13
DA:30,63
DA:31,8
DA:32,6
DA:33,45
DA:34,13
DA:35,63
DA:36,8
DA:37,6
DA:38,44
DA:39,13
DA:40,56
DA:41,8
DA:42,6
DA:43,44
DA:44,13
DA:45,56
DA:46,8
DA:47,6
DA:48,15
DA:50,2
DA:51,2
DA:53,27
LF:37
LH:37
end_of_record
TN:
SF:src/hooks/object.ts
FNF:5
FNH:5
DA:5,57
DA:6,70
DA:7,70
DA:9,40
DA:10,50
DA:19,23
DA:20,10
DA:21,7
DA:22,6
DA:23,13
DA:24,3
DA:25,38
DA:26,34
DA:27,13
DA:28,62
DA:29,4
DA:30,11
DA:31,42
DA:32,37
DA:33,13
DA:34,11
DA:35,13
DA:36,23
DA:37,24
DA:38,1
DA:39,10
DA:40,8
DA:41,6
DA:43,48
DA:44,46
DA:45,29
DA:46,13
DA:47,14
DA:48,24
DA:49,8
DA:50,32
DA:51,4
DA:53,15
DA:56,27
DA:57,14
DA:58,7
DA:59,6
DA:60,13
DA:61,3
DA:62,38
DA:64,34
DA:65,28
DA:66,14
DA:67,17
DA:68,21
DA:69,6
DA:70,29
DA:71,2
DA:72,15
DA:75,21
DA:76,14
DA:77,1
DA:78,7
DA:79,13
DA:80,29
DA:81,3
DA:82,19
DA:83,33
DA:84,62
DA:85,2
DA:86,11
DA:87,28
DA:88,57
DA:89,4
DA:92,38
DA:94,11
DA:95,25
DA:96,32
DA:97,10
DA:98,30
DA:100,38
DA:101,13
DA:102,70
DA:103,4
DA:104,2
DA:106,56
DA:107,13
DA:108,10
DA:109,69
DA:110,4
DA:111,1
DA:112,6
DA:113,13
DA:114,2
DA:116,29
DA:117,33
DA:118,67
DA:119,13
DA:120,76
DA:121,35
DA:123,2
DA:125,33
DA:126,33
DA:127,71
DA:128,13
DA:129,39
DA:130,14
DA:131,7
DA:132,6
DA:133,8
DA:134,8
DA:135,33
DA:137,2
DA:139,15
DA:142,23
DA:143,74
DA:144,16
DA:145,44
DA:146,44
DA:147,2
DA:148,2
DA:150,27
LF:117
LH:117
end_of_record
TN:
SF:src/hooks/or.ts
FNF:2
FNH:2
DA:4,57
DA:5,58
DA:7,32
DA:13,19
DA:14,49
DA:15,16
DA:16,13
DA:17,7
DA:18,13
DA:19,29
DA:20,7
DA:21,36
DA:22,26
DA:23,60
DA:24,1
DA:25,6
DA:27,33
DA:29,26
DA:30,55
DA:31,1
DA:32,6
DA:34,42
DA:35,39
DA:36,63
DA:37,71
DA:38,37
DA:39,6
DA:41,65
DA:43,2
DA:44,2
DA:46,23
LF:31
LH:31
end_of_record
TN:
SF:src/hooks/string.ts
FNF:2
FNH:2
DA:2,57
DA:3,44
DA:4,47
DA:6,40
DA:12,23
DA:13,53
DA:14,16
DA:15,55
DA:16,30
DA:17,57
DA:18,6
DA:19,29
DA:21,2
DA:22,2
DA:24,27
LF:15
LH:15
end_of_record
TN:
SF:src/hooks/uuid.ts
FNF:7
FNH:7
DA:3,57
DA:4,58
DA:5,69
DA:7,23
DA:8,25
DA:9,25
DA:10,25
DA:11,27
DA:12,25
DA:14,52
DA:15,52
DA:17,62
DA:19,61
DA:21,25
DA:22,28
DA:24,32
DA:25,63
DA:27,47
DA:28,47
DA:29,47
DA:30,47
DA:31,47
DA:32,47
DA:33,47
DA:34,47
DA:35,48
DA:36,48
DA:38,52
DA:40,30
DA:41,58
DA:42,19
DA:43,9
DA:44,3
DA:46,36
DA:48,43
DA:49,26
DA:50,8
DA:51,35
DA:52,8
DA:53,34
DA:54,8
DA:55,34
DA:56,8
DA:57,34
DA:58,8
DA:59,34
DA:60,8
DA:61,34
DA:62,8
DA:63,34
DA:64,8
DA:65,34
DA:66,8
DA:67,34
DA:68,10
DA:69,44
DA:71,32
DA:79,21
DA:80,51
DA:81,15
DA:82,53
DA:83,53
DA:85,33
DA:86,26
DA:87,53
DA:88,1
DA:89,6
DA:91,30
DA:92,57
DA:93,6
DA:95,44
DA:96,19
DA:97,40
DA:98,2
DA:99,10
DA:100,68
DA:101,6
DA:102,29
DA:104,2
DA:105,2
DA:107,25
LF:81
LH:81
end_of_record
TN:
SF:src/hooks/val.ts
FNF:2
FNH:2
DA:3,57
DA:4,48
DA:6,27
DA:14,20
DA:15,50
DA:16,16
DA:17,14
DA:18,7
DA:19,13
DA:20,42
DA:21,7
DA:22,43
DA:24,36
DA:25,6
DA:27,41
DA:29,39
DA:30,27
DA:31,6
DA:33,46
DA:34,26
DA:35,52
DA:36,1
DA:37,6
DA:39,29
DA:41,2
DA:42,2
DA:44,24
LF:27
LH:27
end_of_record
TN:
SF:src/util/HookAssessment.ts
FNF:10
FNH:10
DA:10,39
DA:12,17
DA:13,8
DA:14,13
DA:17,8
DA:18,21
DA:21,13
DA:22,29
DA:25,21
DA:26,21
DA:28,2
DA:30,32
DA:31,41
DA:33,23
DA:34,10
DA:35,31
DA:37,10
DA:38,23
DA:41,15
DA:42,26
DA:43,21
DA:46,23
DA:47,77
DA:49,19
DA:51,4
DA:53,19
DA:56,44
DA:58,30
DA:59,8
DA:60,10
DA:61,6
DA:62,1
LF:32
LH:32
end_of_record
TN:
SF:src/util/HookError.ts
FNF:9
FNH:9
DA:2,38
DA:9,54
DA:10,54
DA:11,5
DA:12,2
DA:14,28
DA:15,5
DA:16,11
DA:17,9
DA:19,71
DA:21,25
DA:22,5
DA:23,10
DA:24,9
DA:26,10
DA:27,55
DA:28,11
DA:29,4
DA:30,2
DA:32,23
DA:33,10
DA:34,11
DA:35,9
DA:37,70
DA:39,23
DA:40,10
DA:41,11
DA:42,9
DA:43,9
DA:45,10
DA:46,63
DA:47,11
DA:48,4
DA:49,2
DA:51,22
DA:52,14
DA:53,11
DA:54,9
DA:56,10
DA:57,52
DA:58,11
DA:59,4
DA:60,2
DA:62,22
DA:63,11
DA:64,19
DA:65,20
DA:66,9
DA:68,10
DA:69,59
DA:70,20
DA:71,4
DA:72,2
DA:74,48
DA:75,68
DA:77,48
DA:78,65
LF:57
LH:57
end_of_record
TN:
SF:src/util/parseHook.ts
FNF:2
FNH:2
DA:3,53
DA:5,36
DA:6,23
DA:7,56
DA:8,10
DA:9,2
DA:10,2
DA:12,61
DA:13,36
DA:15,56
DA:16,10
DA:17,2
DA:18,2
DA:20,13
DA:23,45
DA:24,29
DA:25,16
DA:26,2
DA:27,12
LF:19
LH:19
end_of_record
TN:
SF:src/util/stringify.ts
FNF:3
FNH:3
DA:1,70
DA:3,9
DA:5,54
DA:8,28
DA:11,30
DA:12,34
DA:13,33
DA:14,37
DA:15,40
DA:16,42
DA:17,53
DA:18,52
DA:19,52
DA:21,58
DA:23,10
DA:24,9
DA:25,44
DA:26,11
DA:27,22
DA:29,45
LF:20
LH:20
end_of_record
TN:
SF:src/util/types.ts
FNF:14
FNH:14
DA:1,33
DA:2,26
DA:4,33
DA:5,52
DA:7,34
DA:8,27
DA:10,46
DA:12,22
DA:13,10
DA:14,38
DA:16,36
DA:17,20
DA:19,34
DA:20,20
DA:22,33
DA:23,69
DA:25,39
DA:26,36
DA:28,43
DA:29,53
DA:32,37
DA:33,36
DA:35,43
DA:36,53
DA:39,38
DA:40,51
DA:42,32
DA:43,21
DA:45,35
DA:46,49
DA:48,32
DA:49,23
LF:32
LH:32
end_of_record
TN:
SF:src/wysiwyv-core.ts
FNF:2
FNH:2
DA:1,37
DA:9,45
DA:10,66
DA:11,33
DA:13,53
DA:15,12
DA:16,41
DA:17,38
DA:19,2
LF:9
LH:9
end_of_record
TN:
SF:src/wysiwyv.ts
FNF:1
FNH:1
DA:1,48
DA:7,67
DA:9,45
DA:10,66
DA:11,50
DA:13,57
LF:6
LH:6
end_of_record
TN:
SF:test-util.ts
FNF:2
FNH:2
DA:4,42
DA:5,36
DA:6,41
DA:9,49
DA:10,37
DA:11,40
LF:6
LH:6
end_of_record
